#
# A fatal error has been detected by the Java Runtime Environment:
#
#  SIGSEGV (0xb) at pc=0x00007fff366749f7, pid=14239, tid=0x0000000000000307
#
# JRE version: Java(TM) SE Runtime Environment (8.0_191-b12) (build 1.8.0_191-b12)
# Java VM: Java HotSpot(TM) 64-Bit Server VM (25.191-b12 mixed mode bsd-amd64 compressed oops)
# Problematic frame:
# C  [libGL.dylib+0x19f7]  glGetError+0xd
#
# Failed to write core dump. Core dumps have been disabled. To enable core dumping, try "ulimit -c unlimited" before starting Java again
#
# If you would like to submit a bug report, please visit:
#   http://bugreport.java.com/bugreport/crash.jsp
# The crash happened outside the Java Virtual Machine in native code.
# See problematic frame for where to report the bug.
#

---------------  T H R E A D  ---------------

Current thread (0x00007f823f805800):  JavaThread "main" [_thread_in_native, id=775, stack(0x00007ffee269f000,0x00007ffee2e9f000)]

siginfo: si_signo: 11 (SIGSEGV), si_code: 1 (SEGV_MAPERR), si_addr: 0x0000000000000000

Registers:
RAX=0x0000000000000000, RBX=0x00000001104f84d0, RCX=0x000000010de2a5e0, RDX=0x00007fff366749ea
RSP=0x00007ffee2e989d0, RBP=0x00007ffee2e989d0, RSI=0x00007ffee2e98a40, RDI=0x00007f823f8059f8
R8 =0x000000000018843c, R9 =0xffffffff00000000, R10=0x0000000112b8463b, R11=0x000000010dae8607
R12=0x0000000000000000, R13=0x00000001104f84d0, R14=0x00007ffee2e98a58, R15=0x00007f823f805800
RIP=0x00007fff366749f7, EFLAGS=0x0000000000010246, ERR=0x0000000000000004
  TRAPNO=0x000000000000000e

Top of Stack: (sp=0x00007ffee2e989d0)
0x00007ffee2e989d0:   00007ffee2e98a30 0000000112b84667
0x00007ffee2e989e0:   00000001104c50b0 0000000112b84382
0x00007ffee2e989f0:   00007ffee2e989f0 00000001104f84d0
0x00007ffee2e98a00:   00007ffee2e98a58 000000011051dcc8
0x00007ffee2e98a10:   0000000000000000 00000001104f84d0
0x00007ffee2e98a20:   0000000000000000 00007ffee2e98a50
0x00007ffee2e98a30:   00007ffee2e98aa0 0000000112b73d00
0x00007ffee2e98a40:   000000076b892d28 0000000112b7dd16
0x00007ffee2e98a50:   00007fff366749ea 000000076b9b3150
0x00007ffee2e98a60:   00007ffee2e98a60 0000000110540768
0x00007ffee2e98a70:   00007ffee2e98b70 0000000110541fe0
0x00007ffee2e98a80:   0000000000000000 0000000110540cd8
0x00007ffee2e98a90:   00007ffee2e98a50 00007ffee2e98b70
0x00007ffee2e98aa0:   00007ffee2e98bb8 0000000112b74040
0x00007ffee2e98ab0:   0000000000000000 0000000000000000
0x00007ffee2e98ac0:   0000000000000000 0000000000000000
0x00007ffee2e98ad0:   0000000000000000 0000000000000000
0x00007ffee2e98ae0:   0000000000000000 0000000000000000
0x00007ffee2e98af0:   0000000000000000 0000000000000000
0x00007ffee2e98b00:   0000000000000000 0000000000000000
0x00007ffee2e98b10:   0000000000000000 0000000000000000
0x00007ffee2e98b20:   0000000000000000 0000000000000000
0x00007ffee2e98b30:   00007fff36674a20 0000000000000000
0x00007ffee2e98b40:   00007fff36674bc6 0000000000000000
0x00007ffee2e98b50:   00007fff366749ea 0000000000000000
0x00007ffee2e98b60:   0000000000000000 000000076b9b3150
0x00007ffee2e98b70:   0000000000000000 00007ffee2e98b78
0x00007ffee2e98b80:   0000000110540681 00007ffee2e98bc0
0x00007ffee2e98b90:   0000000110541fe0 0000000000000000
0x00007ffee2e98ba0:   0000000110540690 00007ffee2e98b70
0x00007ffee2e98bb0:   00007ffee2e98bc8 00007ffee2e98c08
0x00007ffee2e98bc0:   0000000112b74040 00007ffee2e98bc8 

Instructions: (pc=0x00007fff366749f7)
0x00007fff366749d7:   04 25 f0 00 00 00 48 8b 88 30 03 00 00 48 8b 38
0x00007fff366749e7:   5d ff e1 55 48 89 e5 65 48 8b 04 25 f0 00 00 00
0x00007fff366749f7:   48 8b 38 5d ff a0 38 03 00 00 55 48 89 e5 48 89
0x00007fff36674a07:   f2 89 fe 65 48 8b 04 25 f0 00 00 00 48 8b 88 40 

Register to memory mapping:

RAX=0x0000000000000000 is an unknown value
RBX={method} {0x00000001104f84d0} 'callI' '(J)I' in 'org/lwjgl/system/JNI'
RCX=0x000000010de2a5e0: UseMembar+0 in /Library/Java/JavaVirtualMachines/jdk1.8.0_191.jdk/Contents/Home/jre/lib/server/libjvm.dylib at 0x000000010d600000
RDX=0x00007fff366749ea: glGetError+0 in /System/Library/Frameworks/OpenGL.framework/Versions/A/Libraries/libGL.dylib at 0x00007fff36673000
RSP=0x00007ffee2e989d0 is pointing into the stack for thread: 0x00007f823f805800
RBP=0x00007ffee2e989d0 is pointing into the stack for thread: 0x00007f823f805800
RSI=0x00007ffee2e98a40 is pointing into the stack for thread: 0x00007f823f805800
RDI=0x00007f823f8059f8 is an unknown value
R8 =0x000000000018843c is an unknown value
R9 =0xffffffff00000000 is an unknown value
R10=0x0000000112b8463b is at code_begin+859 in an Interpreter codelet
method entry point (kind = native)  [0x0000000112b842e0, 0x0000000112b84c40]  2400 bytes
R11=0x000000010dae8607: throw_unsatisfied_link_error+0 in /Library/Java/JavaVirtualMachines/jdk1.8.0_191.jdk/Contents/Home/jre/lib/server/libjvm.dylib at 0x000000010d600000
R12=0x0000000000000000 is an unknown value
R13={method} {0x00000001104f84d0} 'callI' '(J)I' in 'org/lwjgl/system/JNI'
R14=0x00007ffee2e98a58 is pointing into the stack for thread: 0x00007f823f805800
R15=0x00007f823f805800 is a thread


Stack: [0x00007ffee269f000,0x00007ffee2e9f000],  sp=0x00007ffee2e989d0,  free space=8166k
Native frames: (J=compiled Java code, j=interpreted, Vv=VM code, C=native code)
C  [libGL.dylib+0x19f7]  glGetError+0xd
j  org.lwjgl.system.JNI.callI(J)I+0
j  org.lwjgl.opengl.GL.createCapabilities(Z)Lorg/lwjgl/opengl/GLCapabilities;+80
j  org.lwjgl.opengl.GL.createCapabilities()Lorg/lwjgl/opengl/GLCapabilities;+1
j  gameEngine.Window.create()V+102
j  gameEngine.GameEngine.init()V+25
j  gameEngine.GameEngine.run()V+33
j  Main.main([Ljava/lang/String;)V+7
v  ~StubRoutines::call_stub
V  [libjvm.dylib+0x2ef9fe]  JavaCalls::call_helper(JavaValue*, methodHandle*, JavaCallArguments*, Thread*)+0x6ae
V  [libjvm.dylib+0x3269a5]  jni_invoke_static(JNIEnv_*, JavaValue*, _jobject*, JNICallType, _jmethodID*, JNI_ArgumentPusher*, Thread*)+0x1bf
V  [libjvm.dylib+0x31f731]  jni_CallStaticVoidMethod+0x15d
C  [java+0x38c6]  JavaMain+0x9c4
C  [java+0x57ee]  __JVMInit_block_invoke_1+0x51
C  [Foundation+0x54c1d]  __NSBLOCKOPERATION_IS_CALLING_OUT_TO_A_BLOCK__+0x7
C  [Foundation+0x54b15]  -[NSBlockOperation main]+0x62
C  [Foundation+0x1c5d80]  __NSOPERATION_IS_INVOKING_MAIN__+0x11
C  [Foundation+0x2b524]  -[NSOperation start]+0x2db
C  [Foundation+0xad28a]  __NSThreadPerformPerform+0xfe
C  [CoreFoundation+0x57b81]  __CFRUNLOOP_IS_CALLING_OUT_TO_A_SOURCE0_PERFORM_FUNCTION__+0x11
C  [CoreFoundation+0x57b20]  __CFRunLoopDoSource0+0x67
C  [CoreFoundation+0x3b154]  __CFRunLoopDoSources0+0xd1
C  [CoreFoundation+0x3a760]  __CFRunLoopRun+0x4f8
C  [CoreFoundation+0x39fe3]  CFRunLoopRunSpecific+0x1f3
C  [java+0x646e]  CreateExecutionEnvironment+0x367
C  [java+0x203c]  JLI_Launch+0x7a0
C  [java+0x84cb]  main+0x65
C  [java+0x1894]  start+0x34
C  0x0000000000000007

Java frames: (J=compiled Java code, j=interpreted, Vv=VM code)
j  org.lwjgl.system.JNI.callI(J)I+0
j  org.lwjgl.opengl.GL.createCapabilities(Z)Lorg/lwjgl/opengl/GLCapabilities;+80
j  org.lwjgl.opengl.GL.createCapabilities()Lorg/lwjgl/opengl/GLCapabilities;+1
j  gameEngine.Window.create()V+102
j  gameEngine.GameEngine.init()V+25
j  gameEngine.GameEngine.run()V+33
j  Main.main([Ljava/lang/String;)V+7
v  ~StubRoutines::call_stub

---------------  P R O C E S S  ---------------

Java Threads: ( => current thread )
  0x00007f823f861000 JavaThread "Service Thread" daemon [_thread_blocked, id=17155, stack(0x0000700005ce0000,0x0000700005de0000)]
  0x00007f823e82a800 JavaThread "C1 CompilerThread2" daemon [_thread_blocked, id=17411, stack(0x0000700005bdd000,0x0000700005cdd000)]
  0x00007f82402f4800 JavaThread "C2 CompilerThread1" daemon [_thread_blocked, id=17923, stack(0x0000700005ada000,0x0000700005bda000)]
  0x00007f82402f4000 JavaThread "C2 CompilerThread0" daemon [_thread_blocked, id=18435, stack(0x00007000059d7000,0x0000700005ad7000)]
  0x00007f823f80a800 JavaThread "Monitor Ctrl-Break" daemon [_thread_in_native, id=13059, stack(0x00007000058d4000,0x00007000059d4000)]
  0x00007f8240022800 JavaThread "Signal Dispatcher" daemon [_thread_blocked, id=18691, stack(0x00007000057d1000,0x00007000058d1000)]
  0x00007f823f000000 JavaThread "Finalizer" daemon [_thread_blocked, id=11267, stack(0x00007000055c8000,0x00007000056c8000)]
  0x00007f823e820800 JavaThread "Reference Handler" daemon [_thread_blocked, id=11011, stack(0x00007000054c5000,0x00007000055c5000)]
=>0x00007f823f805800 JavaThread "main" [_thread_in_native, id=775, stack(0x00007ffee269f000,0x00007ffee2e9f000)]

Other Threads:
  0x00007f823e81b800 VMThread [stack: 0x00007000053c2000,0x00007000054c2000] [id=10755]
  0x00007f823f1e1800 WatcherThread [stack: 0x0000700005de3000,0x0000700005ee3000] [id=16643]

VM state:not at safepoint (normal execution)

VM Mutex/Monitor currently owned by a thread: None

Heap:
 PSYoungGen      total 76288K, used 17135K [0x000000076ab00000, 0x0000000770000000, 0x00000007c0000000)
  eden space 65536K, 26% used [0x000000076ab00000,0x000000076bbbbe10,0x000000076eb00000)
  from space 10752K, 0% used [0x000000076f580000,0x000000076f580000,0x0000000770000000)
  to   space 10752K, 0% used [0x000000076eb00000,0x000000076eb00000,0x000000076f580000)
 ParOldGen       total 175104K, used 0K [0x00000006c0000000, 0x00000006cab00000, 0x000000076ab00000)
  object space 175104K, 0% used [0x00000006c0000000,0x00000006c0000000,0x00000006cab00000)
 Metaspace       used 6787K, capacity 6949K, committed 7296K, reserved 1056768K
  class space    used 694K, capacity 775K, committed 896K, reserved 1048576K

Card table byte_map: [0x000000010e9ee000,0x000000010f1ef000] byte_map_base: 0x000000010b3ee000

Marking Bits: (ParMarkBitMap*) 0x000000010def9e00
 Begin Bits: [0x0000000121b6c000, 0x0000000125b6c000)
 End Bits:   [0x0000000125b6c000, 0x0000000129b6c000)

Polling page: 0x000000010cdd0000

CodeCache: size=245760Kb used=2504Kb max_used=2513Kb free=243255Kb
 bounds [0x0000000112b6c000, 0x0000000112dec000, 0x0000000121b6c000]
 total_blobs=1277 nmethods=492 adapters=699
 compilation: enabled

Compilation events (10 events):
Event: 0.547 Thread 0x00007f82402f4800  479  s!   4       sun.misc.URLClassPath::getLoader (243 bytes)
Event: 0.550 Thread 0x00007f82402f4000 nmethod 473 0x0000000112ddc610 code [0x0000000112ddc8e0, 0x0000000112dde470]
Event: 0.551 Thread 0x00007f823e82a800  483  s    1       java.util.Vector::size (5 bytes)
Event: 0.552 Thread 0x00007f823e82a800 nmethod 483 0x0000000112dd61d0 code [0x0000000112dd6320, 0x0000000112dd6590]
Event: 0.585 Thread 0x00007f82402f4800 nmethod 479 0x0000000112ddffd0 code [0x0000000112de02a0, 0x0000000112de1e30]
Event: 0.640 Thread 0x00007f823e82a800  485       3       java.lang.reflect.Field::copy (76 bytes)
Event: 0.640 Thread 0x00007f823e82a800 nmethod 485 0x0000000112dd5b90 code [0x0000000112dd5d20, 0x0000000112dd60b8]
Event: 0.640 Thread 0x00007f823e82a800  486       3       java.util.Arrays::copyOf (46 bytes)
Event: 0.641 Thread 0x00007f823e82a800 nmethod 486 0x0000000112dd5110 code [0x0000000112dd52c0, 0x0000000112dd5948]
Event: 0.641 Thread 0x00007f82402f4800  487       4       java.util.ArrayList::add (29 bytes)

GC Heap History (0 events):
No events

Deoptimization events (1 events):
Event: 0.287 Thread 0x00007f823f805800 Uncommon trap: reason=unstable_if action=reinterpret pc=0x0000000112ce2588 method=java.lang.String.indexOf([CII[CIII)I @ 134

Classes redefined (0 events):
No events

Internal exceptions (10 events):
Event: 0.252 Thread 0x00007f823f805800 Exception <a 'java/lang/NoSuchFieldError': method resolution failed> (0x000000076b36d1d0) thrown at [/Users/java_re/workspace/8-2-build-macosx-x86_64/jdk8u191/11896/hotspot/src/share/vm/prims/methodHandles.cpp, line 1167]
Event: 0.285 Thread 0x00007f823f805800 Exception <a 'java/security/PrivilegedActionException'> (0x000000076b4251e8) thrown at [/Users/java_re/workspace/8-2-build-macosx-x86_64/jdk8u191/11896/hotspot/src/share/vm/prims/jvm.cpp, line 1435]
Event: 0.285 Thread 0x00007f823f805800 Exception <a 'java/security/PrivilegedActionException'> (0x000000076b4253f8) thrown at [/Users/java_re/workspace/8-2-build-macosx-x86_64/jdk8u191/11896/hotspot/src/share/vm/prims/jvm.cpp, line 1435]
Event: 0.286 Thread 0x00007f823f805800 Exception <a 'java/security/PrivilegedActionException'> (0x000000076b428728) thrown at [/Users/java_re/workspace/8-2-build-macosx-x86_64/jdk8u191/11896/hotspot/src/share/vm/prims/jvm.cpp, line 1435]
Event: 0.286 Thread 0x00007f823f805800 Exception <a 'java/security/PrivilegedActionException'> (0x000000076b428938) thrown at [/Users/java_re/workspace/8-2-build-macosx-x86_64/jdk8u191/11896/hotspot/src/share/vm/prims/jvm.cpp, line 1435]
Event: 0.368 Thread 0x00007f823f805800 Exception <a 'sun/nio/fs/UnixException'> (0x000000076b669dc0) thrown at [/Users/java_re/workspace/8-2-build-macosx-x86_64/jdk8u191/11896/hotspot/src/share/vm/prims/jni.cpp, line 709]
Event: 0.402 Thread 0x00007f823f805800 Exception <a 'sun/nio/fs/UnixException'> (0x000000076b791a08) thrown at [/Users/java_re/workspace/8-2-build-macosx-x86_64/jdk8u191/11896/hotspot/src/share/vm/prims/jni.cpp, line 709]
Event: 0.421 Thread 0x00007f823f805800 Exception <a 'sun/nio/fs/UnixException'> (0x000000076b845eb0) thrown at [/Users/java_re/workspace/8-2-build-macosx-x86_64/jdk8u191/11896/hotspot/src/share/vm/prims/jni.cpp, line 709]
Event: 0.494 Thread 0x00007f823f805800 Exception <a 'sun/nio/fs/UnixException'> (0x000000076b8da8f0) thrown at [/Users/java_re/workspace/8-2-build-macosx-x86_64/jdk8u191/11896/hotspot/src/share/vm/prims/jni.cpp, line 709]
Event: 0.526 Thread 0x00007f823f805800 Exception <a 'sun/nio/fs/UnixException'> (0x000000076b984e20) thrown at [/Users/java_re/workspace/8-2-build-macosx-x86_64/jdk8u191/11896/hotspot/src/share/vm/prims/jni.cpp, line 709]

Events (10 events):
Event: 0.531 loading class org/lwjgl/opengl/GL$SharedLibraryGL
Event: 0.531 loading class org/lwjgl/opengl/GL$SharedLibraryGL done
Event: 0.531 loading class org/lwjgl/system/SharedLibrary$Delegate
Event: 0.531 loading class org/lwjgl/system/SharedLibrary$Delegate done
Event: 0.531 loading class org/lwjgl/opengl/GLCapabilities
Event: 0.531 loading class org/lwjgl/opengl/GLCapabilities done
Event: 0.548 loading class org/lwjgl/system/ThreadLocalUtil
Event: 0.548 loading class org/lwjgl/system/ThreadLocalUtil done
Event: 0.640 loading class org/lwjgl/system/jemalloc/JEmalloc$Functions
Event: 0.640 loading class org/lwjgl/system/jemalloc/JEmalloc$Functions done


Dynamic libraries:
0x00007fff2ba93000 	/System/Library/Frameworks/Cocoa.framework/Versions/A/Cocoa
0x00007fff39047000 	/System/Library/Frameworks/Security.framework/Versions/A/Security
0x00007fff2aa33000 	/System/Library/Frameworks/ApplicationServices.framework/Versions/A/ApplicationServices
0x00007fff63273000 	/usr/lib/libz.1.dylib
0x00007fff60d5b000 	/usr/lib/libSystem.B.dylib
0x00007fff62b9b000 	/usr/lib/libobjc.A.dylib
0x00007fff2c9fc000 	/System/Library/Frameworks/CoreFoundation.framework/Versions/A/CoreFoundation
0x00007fff2f0bf000 	/System/Library/Frameworks/Foundation.framework/Versions/C/Foundation
0x00007fff29c2b000 	/System/Library/Frameworks/AppKit.framework/Versions/C/AppKit
0x00007fff2c510000 	/System/Library/Frameworks/CoreData.framework/Versions/A/CoreData
0x00007fff5d606000 	/System/Library/PrivateFrameworks/UIFoundation.framework/Versions/A/UIFoundation
0x00007fff57e37000 	/System/Library/PrivateFrameworks/RemoteViewServices.framework/Versions/A/RemoteViewServices
0x00007fff60089000 	/System/Library/PrivateFrameworks/XCTTargetBootstrap.framework/Versions/A/XCTTargetBootstrap
0x00007fff2c8ef000 	/System/Library/Frameworks/CoreDisplay.framework/Versions/A/CoreDisplay
0x00007fff31e32000 	/System/Library/Frameworks/Metal.framework/Versions/A/Metal
0x00007fff46343000 	/System/Library/PrivateFrameworks/DesktopServicesPriv.framework/Versions/A/DesktopServicesPriv
0x00007fff61e86000 	/usr/lib/liblangid.dylib
0x00007fff4549a000 	/System/Library/PrivateFrameworks/CoreSVG.framework/Versions/A/CoreSVG
0x00007fff5abb7000 	/System/Library/PrivateFrameworks/SkyLight.framework/Versions/A/SkyLight
0x00007fff2ce7d000 	/System/Library/Frameworks/CoreGraphics.framework/Versions/A/CoreGraphics
0x00007fff287cc000 	/System/Library/Frameworks/Accelerate.framework/Versions/A/Accelerate
0x00007fff63164000 	/usr/lib/libxml2.2.dylib
0x00007fff51046000 	/System/Library/PrivateFrameworks/IconServices.framework/Versions/A/IconServices
0x00007fff2f8a1000 	/System/Library/Frameworks/IOSurface.framework/Versions/A/IOSurface
0x00007fff60893000 	/usr/lib/libDiagnosticMessagesClient.dylib
0x00007fff461bc000 	/System/Library/PrivateFrameworks/DFRFoundation.framework/Versions/A/DFRFoundation
0x00007fff61c14000 	/usr/lib/libicucore.A.dylib
0x00007fff2ad65000 	/System/Library/Frameworks/AudioToolbox.framework/Versions/A/AudioToolbox
0x00007fff2ae47000 	/System/Library/Frameworks/AudioUnit.framework/Versions/A/AudioUnit
0x00007fff60f5d000 	/usr/lib/libauto.dylib
0x00007fff4623d000 	/System/Library/PrivateFrameworks/DataDetectorsCore.framework/Versions/A/DataDetectorsCore
0x00007fff2b5b3000 	/System/Library/Frameworks/Carbon.framework/Versions/A/Frameworks/HIToolbox.framework/Versions/A/HIToolbox
0x00007fff3827c000 	/System/Library/Frameworks/QuartzCore.framework/Versions/A/QuartzCore
0x00007fff2b8f2000 	/System/Library/Frameworks/Carbon.framework/Versions/A/Frameworks/SpeechRecognition.framework/Versions/A/SpeechRecognition
0x00007fff45b40000 	/System/Library/PrivateFrameworks/CoreUI.framework/Versions/A/CoreUI
0x00007fff2bf76000 	/System/Library/Frameworks/CoreAudio.framework/Versions/A/CoreAudio
0x00007fff2ed87000 	/System/Library/Frameworks/DiskArbitration.framework/Versions/A/DiskArbitration
0x00007fff5304f000 	/System/Library/PrivateFrameworks/MultitouchSupport.framework/Versions/A/MultitouchSupport
0x00007fff61ada000 	/usr/lib/libenergytrace.dylib
0x00007fff2f7fc000 	/System/Library/Frameworks/IOKit.framework/Versions/A/IOKit
0x00007fff2dde9000 	/System/Library/Frameworks/CoreServices.framework/Versions/A/CoreServices
0x00007fff550c5000 	/System/Library/PrivateFrameworks/PerformanceAnalysis.framework/Versions/A/PerformanceAnalysis
0x00007fff372b3000 	/System/Library/Frameworks/OpenGL.framework/Versions/A/OpenGL
0x00007fff2baa1000 	/System/Library/Frameworks/ColorSync.framework/Versions/A/ColorSync
0x00007fff2d503000 	/System/Library/Frameworks/CoreImage.framework/Versions/A/CoreImage
0x00007fff2e85e000 	/System/Library/Frameworks/CoreText.framework/Versions/A/CoreText
0x00007fff2f928000 	/System/Library/Frameworks/ImageIO.framework/Versions/A/ImageIO
0x00007fff61039000 	/usr/lib/libc++.1.dylib
0x00007fff610b5000 	/usr/lib/libcompression.dylib
0x00007fff60bd5000 	/usr/lib/libMobileGestalt.dylib
0x00007fff5c6e8000 	/System/Library/PrivateFrameworks/TextureIO.framework/Versions/A/TextureIO
0x00007fff60ec3000 	/usr/lib/libate.dylib
0x00007fff5124e000 	/System/Library/PrivateFrameworks/InternationalSupport.framework/Versions/A/InternationalSupport
0x00007fff63ceb000 	/usr/lib/system/libcache.dylib
0x00007fff63cf1000 	/usr/lib/system/libcommonCrypto.dylib
0x00007fff63cfd000 	/usr/lib/system/libcompiler_rt.dylib
0x00007fff63d05000 	/usr/lib/system/libcopyfile.dylib
0x00007fff63d0f000 	/usr/lib/system/libcorecrypto.dylib
0x00007fff63ebd000 	/usr/lib/system/libdispatch.dylib
0x00007fff63eff000 	/usr/lib/system/libdyld.dylib
0x00007fff63f35000 	/usr/lib/system/libkeymgr.dylib
0x00007fff63f43000 	/usr/lib/system/liblaunch.dylib
0x00007fff63f44000 	/usr/lib/system/libmacho.dylib
0x00007fff63f4a000 	/usr/lib/system/libquarantine.dylib
0x00007fff63f4d000 	/usr/lib/system/libremovefile.dylib
0x00007fff63f4f000 	/usr/lib/system/libsystem_asl.dylib
0x00007fff63f67000 	/usr/lib/system/libsystem_blocks.dylib
0x00007fff63f68000 	/usr/lib/system/libsystem_c.dylib
0x00007fff63ff0000 	/usr/lib/system/libsystem_configuration.dylib
0x00007fff63ff4000 	/usr/lib/system/libsystem_coreservices.dylib
0x00007fff63ff8000 	/usr/lib/system/libsystem_darwin.dylib
0x00007fff64000000 	/usr/lib/system/libsystem_dnssd.dylib
0x00007fff64008000 	/usr/lib/system/libsystem_featureflags.dylib
0x00007fff6400a000 	/usr/lib/system/libsystem_info.dylib
0x00007fff64085000 	/usr/lib/system/libsystem_m.dylib
0x00007fff640cd000 	/usr/lib/system/libsystem_malloc.dylib
0x00007fff640f5000 	/usr/lib/system/libsystem_networkextension.dylib
0x00007fff64103000 	/usr/lib/system/libsystem_notify.dylib
0x00007fff64122000 	/usr/lib/system/libsystem_sandbox.dylib
0x00007fff64127000 	/usr/lib/system/libsystem_secinit.dylib
0x00007fff64058000 	/usr/lib/system/libsystem_kernel.dylib
0x00007fff6410d000 	/usr/lib/system/libsystem_platform.dylib
0x00007fff64117000 	/usr/lib/system/libsystem_pthread.dylib
0x00007fff6412a000 	/usr/lib/system/libsystem_symptoms.dylib
0x00007fff64132000 	/usr/lib/system/libsystem_trace.dylib
0x00007fff6414a000 	/usr/lib/system/libunwind.dylib
0x00007fff64150000 	/usr/lib/system/libxpc.dylib
0x00007fff6108d000 	/usr/lib/libc++abi.dylib
0x00007fff61e88000 	/usr/lib/liblzma.5.dylib
0x00007fff61b02000 	/usr/lib/libfakelink.dylib
0x00007fff60e50000 	/usr/lib/libarchive.2.dylib
0x00007fff3a201000 	/System/Library/Frameworks/SystemConfiguration.framework/Versions/A/SystemConfiguration
0x00007fff607c4000 	/usr/lib/libCRFSuite.dylib
0x00007fff2b1bd000 	/System/Library/Frameworks/CFNetwork.framework/Versions/A/CFNetwork
0x00007fff6101b000 	/usr/lib/libbsm.0.dylib
0x00007fff63f36000 	/usr/lib/system/libkxld.dylib
0x00007fff3fcd9000 	/System/Library/PrivateFrameworks/AppleFSCompression.framework/Versions/A/AppleFSCompression
0x00007fff61399000 	/usr/lib/libcoretls.dylib
0x00007fff613b0000 	/usr/lib/libcoretls_cfhelpers.dylib
0x00007fff62bdf000 	/usr/lib/libpam.2.dylib
0x00007fff62d0f000 	/usr/lib/libsqlite3.dylib
0x00007fff63151000 	/usr/lib/libxar.1.dylib
0x00007fff6102c000 	/usr/lib/libbz2.1.0.dylib
0x00007fff61b23000 	/usr/lib/libiconv.2.dylib
0x00007fff610a2000 	/usr/lib/libcharset.1.dylib
0x00007fff6268a000 	/usr/lib/libnetwork.dylib
0x00007fff62be6000 	/usr/lib/libpcap.A.dylib
0x00007fff60e05000 	/usr/lib/libapple_nghttp2.dylib
0x00007fff2e1a0000 	/System/Library/Frameworks/CoreServices.framework/Versions/A/Frameworks/FSEvents.framework/Versions/A/FSEvents
0x00007fff2de70000 	/System/Library/Frameworks/CoreServices.framework/Versions/A/Frameworks/CarbonCore.framework/Versions/A/CarbonCore
0x00007fff2e3e3000 	/System/Library/Frameworks/CoreServices.framework/Versions/A/Frameworks/Metadata.framework/Versions/A/Metadata
0x00007fff2e47c000 	/System/Library/Frameworks/CoreServices.framework/Versions/A/Frameworks/OSServices.framework/Versions/A/OSServices
0x00007fff2e4aa000 	/System/Library/Frameworks/CoreServices.framework/Versions/A/Frameworks/SearchKit.framework/Versions/A/SearchKit
0x00007fff2ddea000 	/System/Library/Frameworks/CoreServices.framework/Versions/A/Frameworks/AE.framework/Versions/A/AE
0x00007fff2e1a9000 	/System/Library/Frameworks/CoreServices.framework/Versions/A/Frameworks/LaunchServices.framework/Versions/A/LaunchServices
0x00007fff2e152000 	/System/Library/Frameworks/CoreServices.framework/Versions/A/Frameworks/DictionaryServices.framework/Versions/A/DictionaryServices
0x00007fff2e512000 	/System/Library/Frameworks/CoreServices.framework/Versions/A/Frameworks/SharedFileList.framework/Versions/A/SharedFileList
0x00007fff33107000 	/System/Library/Frameworks/NetFS.framework/Versions/A/NetFS
0x00007fff534f2000 	/System/Library/PrivateFrameworks/NetAuth.framework/Versions/A/NetAuth
0x00007fff60453000 	/System/Library/PrivateFrameworks/login.framework/Versions/A/Frameworks/loginsupport.framework/Versions/A/loginsupport
0x00007fff5c1e6000 	/System/Library/PrivateFrameworks/TCC.framework/Versions/A/TCC
0x00007fff4486d000 	/System/Library/PrivateFrameworks/CoreNLP.framework/Versions/A/CoreNLP
0x00007fff52a7f000 	/System/Library/PrivateFrameworks/MetadataUtilities.framework/Versions/A/MetadataUtilities
0x00007fff61f60000 	/usr/lib/libmecabra.dylib
0x00007fff61eb8000 	/usr/lib/libmecab.dylib
0x00007fff61b13000 	/usr/lib/libgermantok.dylib
0x00007fff60dec000 	/usr/lib/libThaiTokenizer.dylib
0x00007fff607fc000 	/usr/lib/libChineseTokenizer.dylib
0x00007fff287e4000 	/System/Library/Frameworks/Accelerate.framework/Versions/A/Frameworks/vImage.framework/Versions/A/vImage
0x00007fff29a86000 	/System/Library/Frameworks/Accelerate.framework/Versions/A/Frameworks/vecLib.framework/Versions/A/vecLib
0x00007fff299ca000 	/System/Library/Frameworks/Accelerate.framework/Versions/A/Frameworks/vecLib.framework/Versions/A/libvMisc.dylib
0x00007fff297f0000 	/System/Library/Frameworks/Accelerate.framework/Versions/A/Frameworks/vecLib.framework/Versions/A/libvDSP.dylib
0x00007fff28e50000 	/System/Library/Frameworks/Accelerate.framework/Versions/A/Frameworks/vecLib.framework/Versions/A/libBLAS.dylib
0x00007fff293aa000 	/System/Library/Frameworks/Accelerate.framework/Versions/A/Frameworks/vecLib.framework/Versions/A/libLAPACK.dylib
0x00007fff29750000 	/System/Library/Frameworks/Accelerate.framework/Versions/A/Frameworks/vecLib.framework/Versions/A/libLinearAlgebra.dylib
0x00007fff297dd000 	/System/Library/Frameworks/Accelerate.framework/Versions/A/Frameworks/vecLib.framework/Versions/A/libSparseBLAS.dylib
0x00007fff29766000 	/System/Library/Frameworks/Accelerate.framework/Versions/A/Frameworks/vecLib.framework/Versions/A/libQuadrature.dylib
0x00007fff290b9000 	/System/Library/Frameworks/Accelerate.framework/Versions/A/Frameworks/vecLib.framework/Versions/A/libBNNS.dylib
0x00007fff2976c000 	/System/Library/Frameworks/Accelerate.framework/Versions/A/Frameworks/vecLib.framework/Versions/A/libSparse.dylib
0x00007fff5160c000 	/System/Library/PrivateFrameworks/LanguageModeling.framework/Versions/A/LanguageModeling
0x00007fff4420c000 	/System/Library/PrivateFrameworks/CoreEmoji.framework/Versions/A/CoreEmoji
0x00007fff5172a000 	/System/Library/PrivateFrameworks/LinguisticData.framework/Versions/A/LinguisticData
0x00007fff516db000 	/System/Library/PrivateFrameworks/Lexicon.framework/Versions/A/Lexicon
0x00007fff610a3000 	/usr/lib/libcmph.dylib
0x00007fff35cd9000 	/System/Library/Frameworks/OpenDirectory.framework/Versions/A/Frameworks/CFOpenDirectory.framework/Versions/A/CFOpenDirectory
0x00007fff35cf6000 	/System/Library/Frameworks/OpenDirectory.framework/Versions/A/OpenDirectory
0x00007fff3dfc7000 	/System/Library/PrivateFrameworks/APFS.framework/Versions/A/APFS
0x00007fff3938e000 	/System/Library/Frameworks/SecurityFoundation.framework/Versions/A/SecurityFoundation
0x00007fff6314d000 	/usr/lib/libutil.dylib
0x00007fff454f2000 	/System/Library/PrivateFrameworks/CoreServicesStore.framework/Versions/A/CoreServicesStore
0x00007fff39470000 	/System/Library/Frameworks/ServiceManagement.framework/Versions/A/ServiceManagement
0x00007fff4148b000 	/System/Library/PrivateFrameworks/BackgroundTaskManagement.framework/Versions/A/BackgroundTaskManagement
0x00007fff6324a000 	/usr/lib/libxslt.1.dylib
0x00007fff4033c000 	/System/Library/PrivateFrameworks/AppleSystemInfo.framework/Versions/A/AppleSystemInfo
0x00007fff2fb44000 	/System/Library/Frameworks/ImageIO.framework/Versions/A/Resources/libJPEG.dylib
0x00007fff2fe03000 	/System/Library/Frameworks/ImageIO.framework/Versions/A/Resources/libTIFF.dylib
0x00007fff2fde6000 	/System/Library/Frameworks/ImageIO.framework/Versions/A/Resources/libPng.dylib
0x00007fff2fa85000 	/System/Library/Frameworks/ImageIO.framework/Versions/A/Resources/libGIF.dylib
0x00007fff2fa89000 	/System/Library/Frameworks/ImageIO.framework/Versions/A/Resources/libJP2.dylib
0x00007fff2fe01000 	/System/Library/Frameworks/ImageIO.framework/Versions/A/Resources/libRadiance.dylib
0x00007fff61adb000 	/usr/lib/libexpat.1.dylib
0x00007fff3fe34000 	/System/Library/PrivateFrameworks/AppleJPEG.framework/Versions/A/AppleJPEG
0x00007fff48753000 	/System/Library/PrivateFrameworks/FontServices.framework/libFontParser.dylib
0x00007fff5f4b1000 	/System/Library/PrivateFrameworks/WatchdogClient.framework/Versions/A/WatchdogClient
0x00007fff50c9b000 	/System/Library/PrivateFrameworks/IOAccelerator.framework/Versions/A/IOAccelerator
0x00007fff321c0000 	/System/Library/Frameworks/MetalPerformanceShaders.framework/Versions/A/MetalPerformanceShaders
0x00007fff4d4a0000 	/System/Library/PrivateFrameworks/GPUWrangler.framework/Versions/A/GPUWrangler
0x00007fff50ca6000 	/System/Library/PrivateFrameworks/IOPresentment.framework/Versions/A/IOPresentment
0x00007fff461cf000 	/System/Library/PrivateFrameworks/DSExternalDisplay.framework/Versions/A/DSExternalDisplay
0x00007fff3665f000 	/System/Library/Frameworks/OpenGL.framework/Versions/A/Libraries/libCoreFSCache.dylib
0x00007fff31f12000 	/System/Library/Frameworks/MetalPerformanceShaders.framework/Frameworks/MPSCore.framework/Versions/A/MPSCore
0x00007fff31f4f000 	/System/Library/Frameworks/MetalPerformanceShaders.framework/Frameworks/MPSImage.framework/Versions/A/MPSImage
0x00007fff32011000 	/System/Library/Frameworks/MetalPerformanceShaders.framework/Frameworks/MPSNeuralNetwork.framework/Versions/A/MPSNeuralNetwork
0x00007fff31fd6000 	/System/Library/Frameworks/MetalPerformanceShaders.framework/Frameworks/MPSMatrix.framework/Versions/A/MPSMatrix
0x00007fff32171000 	/System/Library/Frameworks/MetalPerformanceShaders.framework/Frameworks/MPSRayIntersector.framework/Versions/A/MPSRayIntersector
0x00007fff31ffb000 	/System/Library/Frameworks/MetalPerformanceShaders.framework/Frameworks/MPSNDArray.framework/Versions/A/MPSNDArray
0x00007fff52acc000 	/System/Library/PrivateFrameworks/MetalTools.framework/Versions/A/MetalTools
0x00007fff3f167000 	/System/Library/PrivateFrameworks/AggregateDictionary.framework/Versions/A/AggregateDictionary
0x00007fff43c9f000 	/System/Library/PrivateFrameworks/CoreAnalytics.framework/Versions/A/CoreAnalytics
0x00007fff4025a000 	/System/Library/PrivateFrameworks/AppleSauce.framework/Versions/A/AppleSauce
0x00007fff60ab8000 	/usr/lib/libIOReport.dylib
0x00007fff2ea13000 	/System/Library/Frameworks/CoreVideo.framework/Versions/A/CoreVideo
0x00007fff4e905000 	/System/Library/PrivateFrameworks/GraphVisualizer.framework/Versions/A/GraphVisualizer
0x00007fff47cd2000 	/System/Library/PrivateFrameworks/FaceCore.framework/Versions/A/FaceCore
0x00007fff35c80000 	/System/Library/Frameworks/OpenCL.framework/Versions/A/OpenCL
0x00007fff608da000 	/usr/lib/libFosl_dynamic.dylib
0x00007fff53eea000 	/System/Library/PrivateFrameworks/OTSVG.framework/Versions/A/OTSVG
0x00007fff2ab38000 	/System/Library/Frameworks/ApplicationServices.framework/Versions/A/Frameworks/ATS.framework/Versions/A/Resources/libFontRegistry.dylib
0x00007fff48924000 	/System/Library/PrivateFrameworks/FontServices.framework/libhvf.dylib
0x00007fff3666a000 	/System/Library/Frameworks/OpenGL.framework/Versions/A/Libraries/libGFXShared.dylib
0x00007fff36847000 	/System/Library/Frameworks/OpenGL.framework/Versions/A/Libraries/libGLU.dylib
0x00007fff36673000 	/System/Library/Frameworks/OpenGL.framework/Versions/A/Libraries/libGL.dylib
0x00007fff3667e000 	/System/Library/Frameworks/OpenGL.framework/Versions/A/Libraries/libGLImage.dylib
0x00007fff3665c000 	/System/Library/Frameworks/OpenGL.framework/Versions/A/Libraries/libCVMSPluginSupport.dylib
0x00007fff36665000 	/System/Library/Frameworks/OpenGL.framework/Versions/A/Libraries/libCoreVMClient.dylib
0x00007fff6252c000 	/usr/lib/libncurses.5.4.dylib
0x00007fff2aa34000 	/System/Library/Frameworks/ApplicationServices.framework/Versions/A/Frameworks/ATS.framework/Versions/A/ATS
0x00007fff2ac01000 	/System/Library/Frameworks/ApplicationServices.framework/Versions/A/Frameworks/ColorSyncLegacy.framework/Versions/A/ColorSyncLegacy
0x00007fff2aca0000 	/System/Library/Frameworks/ApplicationServices.framework/Versions/A/Frameworks/HIServices.framework/Versions/A/HIServices
0x00007fff2acf7000 	/System/Library/Frameworks/ApplicationServices.framework/Versions/A/Frameworks/LangAnalysis.framework/Versions/A/LangAnalysis
0x00007fff2ad06000 	/System/Library/Frameworks/ApplicationServices.framework/Versions/A/Frameworks/PrintCore.framework/Versions/A/PrintCore
0x00007fff2ad4c000 	/System/Library/Frameworks/ApplicationServices.framework/Versions/A/Frameworks/QD.framework/Versions/A/QD
0x00007fff2ad57000 	/System/Library/Frameworks/ApplicationServices.framework/Versions/A/Frameworks/SpeechSynthesis.framework/Versions/A/SpeechSynthesis
0x00007fff2abd1000 	/System/Library/Frameworks/ApplicationServices.framework/Versions/A/Frameworks/ATSUI.framework/Versions/A/ATSUI
0x00007fff6196f000 	/usr/lib/libcups.2.dylib
0x00007fff31271000 	/System/Library/Frameworks/Kerberos.framework/Versions/A/Kerberos
0x00007fff2f4f3000 	/System/Library/Frameworks/GSS.framework/Versions/A/GSS
0x00007fff62c9b000 	/usr/lib/libresolv.9.dylib
0x00007fff4eaa6000 	/System/Library/PrivateFrameworks/Heimdal.framework/Versions/A/Heimdal
0x00007fff31284000 	/System/Library/Frameworks/Kerberos.framework/Versions/A/Libraries/libHeimdalProxy.dylib
0x00007fff61b19000 	/usr/lib/libheimdal-asn1.dylib
0x00007fff43143000 	/System/Library/PrivateFrameworks/CommonAuth.framework/Versions/A/CommonAuth
0x00007fff403d9000 	/System/Library/PrivateFrameworks/AssertionServices.framework/Versions/A/AssertionServices
0x00007fff40f79000 	/System/Library/PrivateFrameworks/AudioToolboxCore.framework/Versions/A/AudioToolboxCore
0x00007fff60105000 	/System/Library/PrivateFrameworks/caulk.framework/Versions/A/caulk
0x00007fff41537000 	/System/Library/PrivateFrameworks/BaseBoard.framework/Versions/A/BaseBoard
0x00007fff57fc5000 	/System/Library/PrivateFrameworks/RunningBoardServices.framework/Versions/A/RunningBoardServices
0x00007fff550d1000 	/System/Library/PrivateFrameworks/PersistentConnection.framework/Versions/A/PersistentConnection
0x00007fff57a19000 	/System/Library/PrivateFrameworks/ProtocolBuffer.framework/Versions/A/ProtocolBuffer
0x00007fff43168000 	/System/Library/PrivateFrameworks/CommonUtilities.framework/Versions/A/CommonUtilities
0x00007fff416ba000 	/System/Library/PrivateFrameworks/Bom.framework/Versions/A/Bom
0x00007fff60788000 	/usr/lib/libAudioToolboxUtility.dylib
0x00007fff41495000 	/System/Library/PrivateFrameworks/Backup.framework/Versions/A/Backup
0x00007fff45f3d000 	/System/Library/PrivateFrameworks/CrashReporterSupport.framework/Versions/A/CrashReporterSupport
0x00007fff59a5f000 	/System/Library/PrivateFrameworks/Sharing.framework/Versions/A/Sharing
0x00007fff3fb7f000 	/System/Library/PrivateFrameworks/Apple80211.framework/Versions/A/Apple80211
0x00007fff411b7000 	/System/Library/PrivateFrameworks/AuthKit.framework/Versions/A/AuthKit
0x00007fff45c6d000 	/System/Library/PrivateFrameworks/CoreUtils.framework/Versions/A/CoreUtils
0x00007fff2ea58000 	/System/Library/Frameworks/CoreWLAN.framework/Versions/A/CoreWLAN
0x00007fff2f67d000 	/System/Library/Frameworks/IOBluetooth.framework/Versions/A/IOBluetooth
0x00007fff52dca000 	/System/Library/PrivateFrameworks/MobileKeyBag.framework/Versions/A/MobileKeyBag
0x00007fff44d46000 	/System/Library/PrivateFrameworks/CorePhoneNumbers.framework/Versions/A/CorePhoneNumbers
0x00007fff3fde7000 	/System/Library/PrivateFrameworks/AppleIDAuthSupport.framework/Versions/A/AppleIDAuthSupport
0x00007fff33114000 	/System/Library/Frameworks/Network.framework/Versions/A/Network
0x00007fff51495000 	/System/Library/PrivateFrameworks/KeychainCircle.framework/Versions/A/KeychainCircle
0x00007fff2c4d8000 	/System/Library/Frameworks/CoreBluetooth.framework/Versions/A/CoreBluetooth
0x00007fff5b6f7000 	/System/Library/PrivateFrameworks/SpeechRecognitionCore.framework/Versions/A/SpeechRecognitionCore
0x000000010d600000 	/Library/Java/JavaVirtualMachines/jdk1.8.0_191.jdk/Contents/Home/jre/lib/server/libjvm.dylib
0x00007fff63020000 	/usr/lib/libstdc++.6.dylib
0x000000010cd8c000 	/Library/Java/JavaVirtualMachines/jdk1.8.0_191.jdk/Contents/Home/jre/lib/libverify.dylib
0x000000010cd9a000 	/Library/Java/JavaVirtualMachines/jdk1.8.0_191.jdk/Contents/Home/jre/lib/libjava.dylib
0x000000010cdd1000 	/Library/Java/JavaVirtualMachines/jdk1.8.0_191.jdk/Contents/Home/jre/lib/libinstrument.dylib
0x000000010e625000 	/Library/Java/JavaVirtualMachines/jdk1.8.0_191.jdk/Contents/Home/jre/lib/libzip.dylib
0x0000000111d82000 	/Library/Java/JavaVirtualMachines/jdk1.8.0_191.jdk/Contents/Home/jre/lib/libnet.dylib
0x0000000111e30000 	/Library/Java/JavaVirtualMachines/jdk1.8.0_191.jdk/Contents/Home/jre/lib/libnio.dylib
0x0000000111e40000 	/private/var/folders/t4/2k7sw6hj4j75d14rnglh7s9r0000gn/T/lwjglshirleyzhang/3.2.3-build-13/liblwjgl.dylib
0x0000000111e92000 	/private/var/folders/t4/2k7sw6hj4j75d14rnglh7s9r0000gn/T/lwjglshirleyzhang/3.2.3-build-13/libjemalloc.dylib
0x00000001120fe000 	/private/var/folders/t4/2k7sw6hj4j75d14rnglh7s9r0000gn/T/lwjglshirleyzhang/3.2.3-build-13/libglfw.dylib
0x00007fff454be000 	/System/Library/PrivateFrameworks/CoreServicesInternal.framework/Versions/A/CoreServicesInternal
0x00007fff2ef80000 	/System/Library/Frameworks/FileProvider.framework/Versions/A/FileProvider
0x00007fff29a87000 	/System/Library/Frameworks/Accounts.framework/Versions/A/Accounts
0x00007fff4d7c1000 	/System/Library/PrivateFrameworks/GenerationalStorage.framework/Versions/A/GenerationalStorage
0x00007fff45a21000 	/System/Library/PrivateFrameworks/CoreSymbolication.framework/Versions/A/CoreSymbolication
0x00007fff5bf28000 	/System/Library/PrivateFrameworks/SymptomDiagnosticReporter.framework/Versions/A/SymptomDiagnosticReporter
0x00007fff3f678000 	/System/Library/PrivateFrameworks/AppContainer.framework/Versions/A/AppContainer
0x00007fff62cb5000 	/usr/lib/libsandbox.1.dylib
0x00007fff5e450000 	/System/Library/PrivateFrameworks/UserManagement.framework/Versions/A/UserManagement
0x00007fff4226b000 	/System/Library/PrivateFrameworks/ChunkingLibrary.framework/Versions/A/ChunkingLibrary
0x00007fff46304000 	/System/Library/PrivateFrameworks/DebugSymbols.framework/Versions/A/DebugSymbols
0x00007fff3f6ea000 	/System/Library/PrivateFrameworks/AppSandbox.framework/Versions/A/AppSandbox
0x00007fff59914000 	/System/Library/PrivateFrameworks/SecCodeWrapper.framework/Versions/A/SecCodeWrapper
0x00007fff60b9e000 	/usr/lib/libMatch.1.dylib
0x000000012c15e000 	/private/var/folders/t4/2k7sw6hj4j75d14rnglh7s9r0000gn/T/lwjglshirleyzhang/3.2.3-build-13/liblwjgl_opengl.dylib

VM Arguments:
jvm_args: -javaagent:/Users/shirleyzhang/Desktop/IntelliJ IDEA CE.app/Contents/lib/idea_rt.jar=56538:/Users/shirleyzhang/Desktop/IntelliJ IDEA CE.app/Contents/bin -Dfile.encoding=UTF-8 
java_command: Main
java_class_path (initial): /Library/Java/JavaVirtualMachines/jdk1.8.0_191.jdk/Contents/Home/jre/lib/charsets.jar:/Library/Java/JavaVirtualMachines/jdk1.8.0_191.jdk/Contents/Home/jre/lib/deploy.jar:/Library/Java/JavaVirtualMachines/jdk1.8.0_191.jdk/Contents/Home/jre/lib/ext/cldrdata.jar:/Library/Java/JavaVirtualMachines/jdk1.8.0_191.jdk/Contents/Home/jre/lib/ext/dnsns.jar:/Library/Java/JavaVirtualMachines/jdk1.8.0_191.jdk/Contents/Home/jre/lib/ext/jaccess.jar:/Library/Java/JavaVirtualMachines/jdk1.8.0_191.jdk/Contents/Home/jre/lib/ext/jfxrt.jar:/Library/Java/JavaVirtualMachines/jdk1.8.0_191.jdk/Contents/Home/jre/lib/ext/localedata.jar:/Library/Java/JavaVirtualMachines/jdk1.8.0_191.jdk/Contents/Home/jre/lib/ext/nashorn.jar:/Library/Java/JavaVirtualMachines/jdk1.8.0_191.jdk/Contents/Home/jre/lib/ext/sunec.jar:/Library/Java/JavaVirtualMachines/jdk1.8.0_191.jdk/Contents/Home/jre/lib/ext/sunjce_provider.jar:/Library/Java/JavaVirtualMachines/jdk1.8.0_191.jdk/Contents/Home/jre/lib/ext/sunpkcs11.jar:/Library/Java/JavaVirtualMachines/jdk1.8.0_191.jdk/Contents/Home/jre/lib/ext/zipfs.jar:/Library/Java/JavaVirtualMachines/jdk1.8.0_191.jdk/Contents/Home/jre/lib/javaws.jar:/Library/Java/JavaVirtualMachines/jdk1.8.0_191.jdk/Contents/Home/jre/lib/jce.jar:/Library/Java/JavaVirtualMachines/jdk1.8.0_191.jdk/Contents/Home/jre/lib/jfr.jar:/Library/Java/JavaVirtualMachines/jdk1.8.0_191.jdk/Contents/Home/jre/lib/jfxswt.jar:/Library/Java/JavaVirtualMachines/jdk1.8.0_191.jdk/Contents/Home/jre/lib/jsse.jar:/Library/Java/JavaVirtualMachines/jdk1.8.0_191.jdk/Contents/Home/jre/lib/management-agent.jar:/Library/Java/JavaVirtualMachines/jdk1.8.0_191.jdk/Contents/Home/jre/lib/plugin.jar:/Library/Java/JavaVirtualMachines/jdk1.8.0_191.jdk/Contents/Home/jre/lib/resources.jar:/Library/Java/JavaVirtualMachines/jdk1.8.0_191.jdk/Contents/Home/jre/lib/rt.jar:/Library/Java/JavaVirtualMachines/jdk1.8.0_191.jdk/Contents/Home/lib/ant-javafx.jar:/Library/Java/JavaVirtualMachines/jdk1.8.0_191.jdk/Contents/Home
Launcher Type: SUN_STANDARD

Environment Variables:
PATH=/usr/local/bin:/usr/bin:/bin:/usr/sbin:/sbin:/opt/X11/bin
SHELL=/bin/zsh
DISPLAY=/private/tmp/com.apple.launchd.qP6HUtkyH7/org.macosforge.xquartz:0

Signal Handlers:
SIGSEGV: [libjvm.dylib+0x5b5de9], sa_mask[0]=11111111011111110111111111111111, sa_flags=SA_ONSTACK|SA_RESTART|SA_SIGINFO
SIGBUS: [libjvm.dylib+0x5b5de9], sa_mask[0]=11111111011111110111111111111111, sa_flags=SA_RESTART|SA_SIGINFO
SIGFPE: [libjvm.dylib+0x48b6b0], sa_mask[0]=11111111011111110111111111111111, sa_flags=SA_RESTART|SA_SIGINFO
SIGPIPE: [libjvm.dylib+0x48b6b0], sa_mask[0]=11111111011111110111111111111111, sa_flags=SA_RESTART|SA_SIGINFO
SIGXFSZ: [libjvm.dylib+0x48b6b0], sa_mask[0]=11111111011111110111111111111111, sa_flags=SA_RESTART|SA_SIGINFO
SIGILL: [libjvm.dylib+0x48b6b0], sa_mask[0]=11111111011111110111111111111111, sa_flags=SA_RESTART|SA_SIGINFO
SIGUSR1: SIG_DFL, sa_mask[0]=00000000000000000000000000000000, sa_flags=none
SIGUSR2: [libjvm.dylib+0x48b1ce], sa_mask[0]=00100000000000000000000000000000, sa_flags=SA_RESTART|SA_SIGINFO
SIGHUP: [libjvm.dylib+0x489759], sa_mask[0]=11111111011111110111111111111111, sa_flags=SA_RESTART|SA_SIGINFO
SIGINT: [libjvm.dylib+0x489759], sa_mask[0]=11111111011111110111111111111111, sa_flags=SA_RESTART|SA_SIGINFO
SIGTERM: [libjvm.dylib+0x489759], sa_mask[0]=11111111011111110111111111111111, sa_flags=SA_RESTART|SA_SIGINFO
SIGQUIT: [libjvm.dylib+0x489759], sa_mask[0]=11111111011111110111111111111111, sa_flags=SA_RESTART|SA_SIGINFO


---------------  S Y S T E M  ---------------

OS:Bsduname:Darwin 19.0.0 Darwin Kernel Version 19.0.0: Thu Oct 17 16:17:15 PDT 2019; root:xnu-6153.41.3~29/RELEASE_X86_64 x86_64
rlimit: STACK 8192k, CORE 0k, NPROC 2784, NOFILE 10240, AS infinity
load average:2.16 2.17 2.31

CPU:total 4 (initial active 4) (2 cores per cpu, 2 threads per core) family 6 model 142 stepping 9, cmov, cx8, fxsr, mmx, sse, sse2, sse3, ssse3, sse4.1, sse4.2, popcnt, avx, avx2, aes, clmul, erms, rtm, 3dnowpref, lzcnt, ht, tsc, tscinvbit, bmi1, bmi2, adx

Memory: 4k page, physical 16777216k(1709724k free)

/proc/meminfo:


vm_info: Java HotSpot(TM) 64-Bit Server VM (25.191-b12) for bsd-amd64 JRE (1.8.0_191-b12), built on Oct  6 2018 08:37:07 by "java_re" with gcc 4.2.1 (Based on Apple Inc. build 5658) (LLVM build 2336.11.00)

time: Tue Jan  7 19:49:48 2020
elapsed time: 0 seconds (0d 0h 0m 0s)

